{
  meta: {
    error: CustomError: Something wrong happened ):
        at getGuildsList (/home/zizmackrok/Desktop/Code/not-too-powerful/server/controllers/guildsController/index.ts:48:39)
        at processTicksAndRejections (node:internal/process/task_queues:95:5)
        at async getBotMatches (/home/zizmackrok/Desktop/Code/not-too-powerful/server/controllers/guildsController/index.ts:53:22) {
      status: 401,
      error: [],
      code: undefined
    },
    level: 'error',
    message: 'uncaughtException: Something wrong happened ):\n' +
      'Error: Something wrong happened ):\n' +
      '    at getGuildsList (/home/zizmackrok/Desktop/Code/not-too-powerful/server/controllers/guildsController/index.ts:48:39)\n' +
      '    at processTicksAndRejections (node:internal/process/task_queues:95:5)\n' +
      '    at async getBotMatches (/home/zizmackrok/Desktop/Code/not-too-powerful/server/controllers/guildsController/index.ts:53:22)',
    stack: 'Error: Something wrong happened ):\n' +
      '    at getGuildsList (/home/zizmackrok/Desktop/Code/not-too-powerful/server/controllers/guildsController/index.ts:48:39)\n' +
      '    at processTicksAndRejections (node:internal/process/task_queues:95:5)\n' +
      '    at async getBotMatches (/home/zizmackrok/Desktop/Code/not-too-powerful/server/controllers/guildsController/index.ts:53:22)',
    exception: true,
    date: 'Mon May 08 2023 21:22:44 GMT-0300 (Brasilia Standard Time)',
    process: {
      pid: 85208,
      uid: 1000,
      gid: 1001,
      cwd: '/home/zizmackrok/Desktop/Code/not-too-powerful/server',
      execPath: '/home/zizmackrok/.nvm/versions/node/v18.15.0/bin/node',
      version: 'v18.15.0',
      argv: [
        '/home/zizmackrok/Desktop/Code/not-too-powerful/server/node_modules/.bin/ts-node',
        '/home/zizmackrok/Desktop/Code/not-too-powerful/server/app.ts'
      ],
      memoryUsage: {
        rss: 343199744,
        heapTotal: 229937152,
        heapUsed: 203311248,
        external: 4992018,
        arrayBuffers: 2248138
      }
    },
    os: { loadavg: [ 0.66, 0.67, 0.83 ], uptime: 40878.3 },
    trace: [
      {
        column: 39,
        file: '/home/zizmackrok/Desktop/Code/not-too-powerful/server/controllers/guildsController/index.ts',
        function: 'getGuildsList',
        line: 48,
        method: null,
        native: false
      },
      {
        column: 5,
        file: 'node:internal/process/task_queues',
        function: 'processTicksAndRejections',
        line: 95,
        method: null,
        native: false
      },
      {
        column: 22,
        file: '/home/zizmackrok/Desktop/Code/not-too-powerful/server/controllers/guildsController/index.ts',
        function: 'async getBotMatches',
        line: 53,
        method: null,
        native: false
      }
    ],
    req: {
      url: '/api/v1/guilds/matches',
      headers: {
        host: 'localhost:4000',
        'user-agent': 'insomnia/2023.1.0',
        authorization: 'QCngjG2VOoB8pO08j5U7D2wEDthyaz',
        accept: '*/*'
      },
      method: 'GET',
      httpVersion: '1.1',
      originalUrl: '/api/v1/guilds/matches',
      query: {}
    }
  },
  level: '\x1B[31merror\x1B[39m',
  message: 'middlewareError',
  timestamp: '2023-05-08 21:22:44:2244'
}
{
  meta: {
    error: CustomError: Something wrong happened ):
        at getGuildsList (/home/zizmackrok/Desktop/Code/not-too-powerful/server/controllers/guildsController/index.ts:48:39)
        at processTicksAndRejections (node:internal/process/task_queues:95:5)
        at async getBotMatches (/home/zizmackrok/Desktop/Code/not-too-powerful/server/controllers/guildsController/index.ts:53:22) {
      status: 401,
      error: [],
      code: undefined
    },
    level: 'error',
    message: 'uncaughtException: Something wrong happened ):\n' +
      'Error: Something wrong happened ):\n' +
      '    at getGuildsList (/home/zizmackrok/Desktop/Code/not-too-powerful/server/controllers/guildsController/index.ts:48:39)\n' +
      '    at processTicksAndRejections (node:internal/process/task_queues:95:5)\n' +
      '    at async getBotMatches (/home/zizmackrok/Desktop/Code/not-too-powerful/server/controllers/guildsController/index.ts:53:22)',
    stack: 'Error: Something wrong happened ):\n' +
      '    at getGuildsList (/home/zizmackrok/Desktop/Code/not-too-powerful/server/controllers/guildsController/index.ts:48:39)\n' +
      '    at processTicksAndRejections (node:internal/process/task_queues:95:5)\n' +
      '    at async getBotMatches (/home/zizmackrok/Desktop/Code/not-too-powerful/server/controllers/guildsController/index.ts:53:22)',
    exception: true,
    date: 'Mon May 08 2023 21:22:45 GMT-0300 (Brasilia Standard Time)',
    process: {
      pid: 85208,
      uid: 1000,
      gid: 1001,
      cwd: '/home/zizmackrok/Desktop/Code/not-too-powerful/server',
      execPath: '/home/zizmackrok/.nvm/versions/node/v18.15.0/bin/node',
      version: 'v18.15.0',
      argv: [
        '/home/zizmackrok/Desktop/Code/not-too-powerful/server/node_modules/.bin/ts-node',
        '/home/zizmackrok/Desktop/Code/not-too-powerful/server/app.ts'
      ],
      memoryUsage: {
        rss: 367521792,
        heapTotal: 230985728,
        heapUsed: 205759184,
        external: 5116983,
        arrayBuffers: 2373063
      }
    },
    os: { loadavg: [ 0.66, 0.67, 0.83 ], uptime: 40879.74 },
    trace: [
      {
        column: 39,
        file: '/home/zizmackrok/Desktop/Code/not-too-powerful/server/controllers/guildsController/index.ts',
        function: 'getGuildsList',
        line: 48,
        method: null,
        native: false
      },
      {
        column: 5,
        file: 'node:internal/process/task_queues',
        function: 'processTicksAndRejections',
        line: 95,
        method: null,
        native: false
      },
      {
        column: 22,
        file: '/home/zizmackrok/Desktop/Code/not-too-powerful/server/controllers/guildsController/index.ts',
        function: 'async getBotMatches',
        line: 53,
        method: null,
        native: false
      }
    ],
    req: {
      url: '/api/v1/guilds/matches',
      headers: {
        host: 'localhost:4000',
        'user-agent': 'insomnia/2023.1.0',
        authorization: 'QCngjG2VOoB8pO08j5U7D2wEDthyaz',
        accept: '*/*'
      },
      method: 'GET',
      httpVersion: '1.1',
      originalUrl: '/api/v1/guilds/matches',
      query: {}
    }
  },
  level: '\x1B[31merror\x1B[39m',
  message: 'middlewareError',
  timestamp: '2023-05-08 21:22:45:2245'
}
{
  meta: {
    error: CustomError: Something wrong happened ):
        at getGuildsList (/home/zizmackrok/Desktop/Code/not-too-powerful/server/controllers/guildsController/index.ts:48:39)
        at processTicksAndRejections (node:internal/process/task_queues:95:5)
        at async getBotMatches (/home/zizmackrok/Desktop/Code/not-too-powerful/server/controllers/guildsController/index.ts:53:22) {
      status: 401,
      error: [],
      code: undefined
    },
    level: 'error',
    message: 'uncaughtException: Something wrong happened ):\n' +
      'Error: Something wrong happened ):\n' +
      '    at getGuildsList (/home/zizmackrok/Desktop/Code/not-too-powerful/server/controllers/guildsController/index.ts:48:39)\n' +
      '    at processTicksAndRejections (node:internal/process/task_queues:95:5)\n' +
      '    at async getBotMatches (/home/zizmackrok/Desktop/Code/not-too-powerful/server/controllers/guildsController/index.ts:53:22)',
    stack: 'Error: Something wrong happened ):\n' +
      '    at getGuildsList (/home/zizmackrok/Desktop/Code/not-too-powerful/server/controllers/guildsController/index.ts:48:39)\n' +
      '    at processTicksAndRejections (node:internal/process/task_queues:95:5)\n' +
      '    at async getBotMatches (/home/zizmackrok/Desktop/Code/not-too-powerful/server/controllers/guildsController/index.ts:53:22)',
    exception: true,
    date: 'Mon May 08 2023 21:22:46 GMT-0300 (Brasilia Standard Time)',
    process: {
      pid: 85208,
      uid: 1000,
      gid: 1001,
      cwd: '/home/zizmackrok/Desktop/Code/not-too-powerful/server',
      execPath: '/home/zizmackrok/.nvm/versions/node/v18.15.0/bin/node',
      version: 'v18.15.0',
      argv: [
        '/home/zizmackrok/Desktop/Code/not-too-powerful/server/node_modules/.bin/ts-node',
        '/home/zizmackrok/Desktop/Code/not-too-powerful/server/app.ts'
      ],
      memoryUsage: {
        rss: 367693824,
        heapTotal: 230985728,
        heapUsed: 206301912,
        external: 5126508,
        arrayBuffers: 2382588
      }
    },
    os: { loadavg: [ 0.66, 0.67, 0.83 ], uptime: 40880.38 },
    trace: [
      {
        column: 39,
        file: '/home/zizmackrok/Desktop/Code/not-too-powerful/server/controllers/guildsController/index.ts',
        function: 'getGuildsList',
        line: 48,
        method: null,
        native: false
      },
      {
        column: 5,
        file: 'node:internal/process/task_queues',
        function: 'processTicksAndRejections',
        line: 95,
        method: null,
        native: false
      },
      {
        column: 22,
        file: '/home/zizmackrok/Desktop/Code/not-too-powerful/server/controllers/guildsController/index.ts',
        function: 'async getBotMatches',
        line: 53,
        method: null,
        native: false
      }
    ],
    req: {
      url: '/api/v1/guilds/matches',
      headers: {
        host: 'localhost:4000',
        'user-agent': 'insomnia/2023.1.0',
        authorization: 'QCngjG2VOoB8pO08j5U7D2wEDthyaz',
        accept: '*/*'
      },
      method: 'GET',
      httpVersion: '1.1',
      originalUrl: '/api/v1/guilds/matches',
      query: {}
    }
  },
  level: '\x1B[31merror\x1B[39m',
  message: 'middlewareError',
  timestamp: '2023-05-08 21:22:46:2246'
}
